2024-06-03 17:18:37.057  INFO 24400 --- [restartedMain] com.phone.book.PhoneBookApplication      : Starting PhoneBookApplication using Java 17.0.9 with PID 24400 (C:\Users\kimbo\spring\phoneBook\bin\main started by kimbo in C:\Users\kimbo\spring\phoneBook)
2024-06-03 17:18:37.063  INFO 24400 --- [restartedMain] com.phone.book.PhoneBookApplication      : No active profile set, falling back to 1 default profile: "default"
2024-06-03 17:18:37.385  INFO 24400 --- [restartedMain] .e.DevToolsPropertyDefaultsPostProcessor : Devtools property defaults active! Set 'spring.devtools.add-properties' to 'false' to disable
2024-06-03 17:18:37.386  INFO 24400 --- [restartedMain] .e.DevToolsPropertyDefaultsPostProcessor : For additional web related logging consider setting the 'logging.level.web' property to 'DEBUG'
2024-06-03 17:18:38.253  INFO 24400 --- [restartedMain] .s.d.r.c.RepositoryConfigurationDelegate : Bootstrapping Spring Data JPA repositories in DEFAULT mode.
2024-06-03 17:18:38.317  INFO 24400 --- [restartedMain] .s.d.r.c.RepositoryConfigurationDelegate : Finished Spring Data repository scanning in 53 ms. Found 1 JPA repository interface.
2024-06-03 17:18:39.020  INFO 24400 --- [restartedMain] o.s.b.w.embedded.tomcat.TomcatWebServer  : Tomcat initialized with port 8080 (http)
2024-06-03 17:18:39.042  INFO 24400 --- [restartedMain] o.apache.catalina.core.StandardService   : Starting service [Tomcat]
2024-06-03 17:18:39.042  INFO 24400 --- [restartedMain] o.apache.catalina.core.StandardEngine    : Starting Servlet engine: [Apache Tomcat/10.1.18]
2024-06-03 17:18:39.157  INFO 24400 --- [restartedMain] o.a.c.c.C.[Tomcat].[localhost].[/]       : Initializing Spring embedded WebApplicationContext
2024-06-03 17:18:39.157  INFO 24400 --- [restartedMain] w.s.c.ServletWebServerApplicationContext : Root WebApplicationContext: initialization completed in 1770 ms
2024-06-03 17:18:39.351  INFO 24400 --- [restartedMain] o.hibernate.jpa.internal.util.LogHelper  : HHH000204: Processing PersistenceUnitInfo [name: default]
2024-06-03 17:18:39.520  INFO 24400 --- [restartedMain] org.hibernate.Version                    : HHH000412: Hibernate ORM core version 6.4.1.Final
2024-06-03 17:18:39.577  INFO 24400 --- [restartedMain] o.h.c.internal.RegionFactoryInitiator    : HHH000026: Second-level cache disabled
2024-06-03 17:18:39.945  INFO 24400 --- [restartedMain] o.s.o.j.p.SpringPersistenceUnitInfo      : No LoadTimeWeaver setup: ignoring JPA class transformer
2024-06-03 17:18:39.988  INFO 24400 --- [restartedMain] com.zaxxer.hikari.HikariDataSource       : HikariPool-1 - Starting...
2024-06-03 17:18:40.402  INFO 24400 --- [restartedMain] com.zaxxer.hikari.pool.HikariPool        : HikariPool-1 - Added connection com.mysql.cj.jdbc.ConnectionImpl@7ca45829
2024-06-03 17:18:40.406  INFO 24400 --- [restartedMain] com.zaxxer.hikari.HikariDataSource       : HikariPool-1 - Start completed.
2024-06-03 17:18:40.536  WARN 24400 --- [restartedMain] org.hibernate.orm.deprecation            : HHH90000025: MySQL8Dialect does not need to be specified explicitly using 'hibernate.dialect' (remove the property setting and it will be selected by default)
2024-06-03 17:18:40.538  WARN 24400 --- [restartedMain] org.hibernate.orm.deprecation            : HHH90000026: MySQL8Dialect has been deprecated; use org.hibernate.dialect.MySQLDialect instead
2024-06-03 17:18:41.661  INFO 24400 --- [restartedMain] o.h.e.t.j.p.i.JtaPlatformInitiator       : HHH000489: No JTA platform available (set 'hibernate.transaction.jta.platform' to enable JTA platform integration)
2024-06-03 17:18:41.737  INFO 24400 --- [restartedMain] j.LocalContainerEntityManagerFactoryBean : Initialized JPA EntityManagerFactory for persistence unit 'default'
2024-06-03 17:18:42.085  WARN 24400 --- [restartedMain] JpaBaseConfiguration$JpaWebConfiguration : spring.jpa.open-in-view is enabled by default. Therefore, database queries may be performed during view rendering. Explicitly configure spring.jpa.open-in-view to disable this warning
2024-06-03 17:18:42.586  INFO 24400 --- [restartedMain] o.s.b.d.a.OptionalLiveReloadServer       : LiveReload server is running on port 35729
2024-06-03 17:18:42.672  INFO 24400 --- [restartedMain] o.s.b.w.embedded.tomcat.TomcatWebServer  : Tomcat started on port 8080 (http) with context path ''
2024-06-03 17:18:42.679  INFO 24400 --- [restartedMain] com.phone.book.PhoneBookApplication      : Started PhoneBookApplication in 6.197 seconds (process running for 7.49)
